<?xml version="1.0" encoding="UTF-8"?>
<testng-results skipped="0" failed="0" total="1" passed="1">
  <reporter-output>
  </reporter-output>
  <suite name="Suite" duration-ms="9921" started-at="2019-03-20T01:00:27Z" finished-at="2019-03-20T01:00:37Z">
    <groups>
    </groups>
    <test name="Test" duration-ms="9921" started-at="2019-03-20T01:00:27Z" finished-at="2019-03-20T01:00:37Z">
      <class name="hu.hello">
        <test-method status="PASS" signature="openfire()[pri:0, instance:hu.hello@1c2c22f3]" name="openfire" is-config="true" duration-ms="9681" started-at="2019-03-20T09:00:27Z" finished-at="2019-03-20T09:00:37Z">
          <reporter-output>
          </reporter-output>
        </test-method> <!-- openfire -->
        <test-method status="PASS" signature="login()[pri:0, instance:hu.hello@1c2c22f3]" name="login" duration-ms="228" started-at="2019-03-20T09:00:37Z" finished-at="2019-03-20T09:00:37Z">
          <reporter-output>
          </reporter-output>
        </test-method> <!-- login -->
      </class> <!-- hu.hello -->
    </test> <!-- Test -->
  </suite> <!-- Suite -->
</testng-results>
